
[2K[1G[1myarn run v1.22.22[22m
[2K[1G[33mwarning[39m package.json: No license field
[2K[1G[2m$ eslint . --ext .ts[22m
[0m[0m
[0m[4m/Users/anilkaracay/Downloads/CantaraFinance/apps/backend/src/middleware/auth.ts[24m[0m
[0m  [2m10:51[22m  [33mwarning[39m  'reply' is defined but never used  [2m@typescript-eslint/no-unused-vars[22m[0m
[0m[0m
[0m[4m/Users/anilkaracay/Downloads/CantaraFinance/apps/backend/src/routes/admin.ts[24m[0m
[0m  [2m21:24[22m  [33mwarning[39m  'reply' is defined but never used            [2m@typescript-eslint/no-unused-vars[22m[0m
[0m  [2m23:15[22m  [33mwarning[39m  'config' is assigned a value but never used  [2m@typescript-eslint/no-unused-vars[22m[0m
[0m[0m
[0m[4m/Users/anilkaracay/Downloads/CantaraFinance/apps/backend/src/routes/history.ts[24m[0m
[0m  [2m21:15[22m  [33mwarning[39m  'request' is defined but never used  [2m@typescript-eslint/no-unused-vars[22m[0m
[0m  [2m21:24[22m  [33mwarning[39m  'reply' is defined but never used    [2m@typescript-eslint/no-unused-vars[22m[0m
[0m[0m
[0m[4m/Users/anilkaracay/Downloads/CantaraFinance/apps/backend/src/routes/liquidation.ts[24m[0m
[0m  [2m47:38[22m  [33mwarning[39m  'request' is defined but never used  [2m@typescript-eslint/no-unused-vars[22m[0m
[0m[0m
[0m[4m/Users/anilkaracay/Downloads/CantaraFinance/apps/backend/src/routes/pools.ts[24m[0m
[0m  [2m37:15[22m  [33mwarning[39m  'request' is defined but never used  [2m@typescript-eslint/no-unused-vars[22m[0m
[0m[0m
[0m[4m/Users/anilkaracay/Downloads/CantaraFinance/apps/backend/src/server.ts[24m[0m
[0m  [2m1:19[22m  [33mwarning[39m  'FastifyInstance' is defined but never used  [2m@typescript-eslint/no-unused-vars[22m[0m
[0m[0m
[0m[4m/Users/anilkaracay/Downloads/CantaraFinance/apps/backend/src/services/liquidationService.ts[24m[0m
[0m    [2m1:10[22m  [33mwarning[39m  'getPortfolio' is defined but never used      [2m@typescript-eslint/no-unused-vars[22m[0m
[0m    [2m1:39[22m  [33mwarning[39m  'getAssetHoldings' is defined but never used  [2m@typescript-eslint/no-unused-vars[22m[0m
[0m    [2m4:10[22m  [33mwarning[39m  'internalError' is defined but never used     [2m@typescript-eslint/no-unused-vars[22m[0m
[0m    [2m4:25[22m  [33mwarning[39m  'badRequest' is defined but never used        [2m@typescript-eslint/no-unused-vars[22m[0m
[0m  [2m225:19[22m  [33mwarning[39m  'result' is assigned a value but never used   [2m@typescript-eslint/no-unused-vars[22m[0m
[0m[0m
[0m[4m/Users/anilkaracay/Downloads/CantaraFinance/apps/backend/src/services/positionService.ts[24m[0m
[0m  [2m14:10[22m  [33mwarning[39m  'internalError' is defined but never used  [2m@typescript-eslint/no-unused-vars[22m[0m
[0m[0m
[0m[33m[1m✖ 14 problems (0 errors, 14 warnings)[22m[39m[0m
[0m[33m[1m[22m[39m[0m
[2K[1G✨  Done in 1.25s.
