
[2K[1G[1myarn run v1.22.22[22m
[2K[1G[2m$ next build[22m
 [33m[1m⚠[22m[39m Warning: Next.js inferred your workspace root, but it may not be correct.
 We detected multiple lockfiles and selected the directory of /Users/anilkaracay/Downloads/CantaraFinance/yarn.lock as the root directory.
 To silence this warning, set `outputFileTracingRoot` in your Next.js config, or consider removing one of the lockfiles if it's not needed.
   See https://nextjs.org/docs/app/api-reference/config/next-config-js/output#caveats for more information.
 Detected additional lockfiles: 
   * /Users/anilkaracay/Downloads/CantaraFinance/apps/frontend/package-lock.json

   [1m[38;2;173;127;168m▲ Next.js 15.5.4[39m[22m
   - Experiments (use with caution):
     · optimizePackageImports

 [37m[1m [22m[39m Creating an optimized production build ...
 [32m[1m✓[22m[39m Compiled successfully in 5.9s
[?25l [37m[1m [22m[39m Linting and checking validity of types  [36m.[39m[2K[1G[1A[2K[1G [37m[1m [22m[39m Linting and checking validity of types  [36m..[39m[2K[1G[1A[2K[1G [37m[1m [22m[39m Linting and checking validity of types  [36m...[39m[2K[1G[1A[2K[1G [37m[1m [22m[39m Linting and checking validity of types  [36m.[39m[2K[1G[1A[2K[1G [37m[1m [22m[39m Linting and checking validity of types  [36m..[39m[2K[1G[1A[2K[1G [37m[1m [22m[39m Linting and checking validity of types  [36m...[39m[2K[1G[1A[2K[1G[?25h [37m[1m [22m[39m Linting and checking validity of types     [32m[1m✓[22m[39m Linting and checking validity of types 
[?25l [37m[1m [22m[39m Collecting page data  [36m.[39m[2K[1G[1A[2K[1G [37m[1m [22m[39m Collecting page data  [36m..[39m[2K[1G[1A[2K[1G[?25h [37m[1m [22m[39m Collecting page data     [32m[1m✓[22m[39m Collecting page data 
[?25l [37m[1m [22m[39m Generating static pages (0/5)  [36m[    ][39m[2K[1G[1A[2K[1G [37m[1m [22m[39m Generating static pages (0/5)  [36m[=   ][39m[2K[1G[1A[2K[1G[?25h [32m[1m✓[22m[39m Generating static pages (5/5)
[?25l [37m[1m [22m[39m Finalizing page optimization  [36m.[39m[?25l [37m[1m [22m[39m Collecting build traces  [36m.[39m[2K[1G[1A[2K[1G [37m[1m [22m[39m Finalizing page optimization  [36m..[39m[2K[1G[1A[2K[1G [37m[1m [22m[39m Collecting build traces  [36m..[39m[2K[1G[1A[2K[1G [37m[1m [22m[39m Finalizing page optimization  [36m...[39m[2K[1G[1A[2K[1G [37m[1m [22m[39m Collecting build traces  [36m...[39m[2K[1G[1A[2K[1G [37m[1m [22m[39m Finalizing page optimization  [36m.[39m[2K[1G[1A[2K[1G [37m[1m [22m[39m Collecting build traces  [36m.[39m[2K[1G[1A[2K[1G [37m[1m [22m[39m Finalizing page optimization  [36m..[39m[2K[1G[1A[2K[1G [37m[1m [22m[39m Collecting build traces  [36m..[39m[2K[1G[1A[2K[1G [37m[1m [22m[39m Finalizing page optimization  [36m...[39m[2K[1G[1A[2K[1G [37m[1m [22m[39m Collecting build traces  [36m...[39m[2K[1G[1A[2K[1G [37m[1m [22m[39m Finalizing page optimization  [36m.[39m[2K[1G[1A[2K[1G [37m[1m [22m[39m Collecting build traces  [36m.[39m[2K[1G[1A[2K[1G [37m[1m [22m[39m Finalizing page optimization  [36m..[39m[2K[1G[1A[2K[1G [37m[1m [22m[39m Collecting build traces  [36m..[39m[2K[1G[1A[2K[1G [37m[1m [22m[39m Finalizing page optimization  [36m...[39m[2K[1G[1A[2K[1G [37m[1m [22m[39m Collecting build traces  [36m...[39m[2K[1G[1A[2K[1G [37m[1m [22m[39m Finalizing page optimization  [36m.[39m[2K[1G[1A[2K[1G [37m[1m [22m[39m Collecting build traces  [36m.[39m[2K[1G[1A[2K[1G [37m[1m [22m[39m Finalizing page optimization  [36m..[39m[2K[1G[1A[2K[1G [37m[1m [22m[39m Collecting build traces  [36m..[39m[2K[1G[1A[2K[1G [37m[1m [22m[39m Finalizing page optimization  [36m...[39m[2K[1G[1A[2K[1G [37m[1m [22m[39m Collecting build traces  [36m...[39m[2K[1G[1A[2K[1G[?25h [37m[1m [22m[39m Collecting build traces     [32m[1m✓[22m[39m Collecting build traces 
[2K[1G[1A[2K[1G[?25h [37m[1m [22m[39m Finalizing page optimization     [32m[1m✓[22m[39m Finalizing page optimization 

[4mRoute (app)[24m                                 [4mSize[24m  [4mFirst Load JS[24m  [4m[24m  [4m[24m
┌ ○ /                                     255 kB         [37m[1m384 kB[22m[39m
└ ○ /_not-found                            993 B         [37m[1m103 kB[22m[39m
+ First Load JS shared by all             [37m[1m102 kB[22m[39m
  ├ chunks/18-15ddba9c0d5cbf05.js        45.9 kB
  ├ chunks/87c73c54-24122e7b92478d00.js  54.2 kB
  └ other shared chunks (total)          1.92 kB


○  (Static)  prerendered as static content

[?25h[2K[1G✨  Done in 14.87s.
